build/outputs/logs/manifest-merger-debug-report.txt
-- Merging decision tree log ---
manifest
ADDED from examples/ChatDemoUI/AndroidManifest.xml:2:1-338:12
	package
		ADDED from examples/ChatDemoUI/AndroidManifest.xml:3:5-37
	android:versionName
		ADDED from examples/ChatDemoUI/AndroidManifest.xml:5:5-32
	android:versionCode
		ADDED from examples/ChatDemoUI/AndroidManifest.xml:4:5-29
		INJECTED from examples/ChatDemoUI/AndroidManifest.xml
		INJECTED from examples/ChatDemoUI/AndroidManifest.xml
	xmlns:android
		ADDED from examples/ChatDemoUI/AndroidManifest.xml:2:11-69
uses-sdk
ADDED from examples/ChatDemoUI/AndroidManifest.xml:7:5-9:41
	android:targetSdkVersion
		ADDED from examples/ChatDemoUI/AndroidManifest.xml:9:9-38
	android:minSdkVersion
		ADDED from examples/ChatDemoUI/AndroidManifest.xml:8:9-34
uses-permission#android.permission.VIBRATE
ADDED from examples/ChatDemoUI/AndroidManifest.xml:11:5-66
	android:name
		ADDED from examples/ChatDemoUI/AndroidManifest.xml:11:22-63
uses-permission#android.permission.INTERNET
ADDED from examples/ChatDemoUI/AndroidManifest.xml:12:5-67
	android:name
		ADDED from examples/ChatDemoUI/AndroidManifest.xml:12:22-64
uses-permission#android.permission.RECORD_AUDIO
ADDED from examples/ChatDemoUI/AndroidManifest.xml:13:5-71
	android:name
		ADDED from examples/ChatDemoUI/AndroidManifest.xml:13:22-68
uses-permission#android.permission.CAMERA
ADDED from examples/ChatDemoUI/AndroidManifest.xml:14:5-65
	android:name
		ADDED from examples/ChatDemoUI/AndroidManifest.xml:14:22-62
uses-permission#android.permission.ACCESS_NETWORK_STATE
ADDED from examples/ChatDemoUI/AndroidManifest.xml:15:5-79
	android:name
		ADDED from examples/ChatDemoUI/AndroidManifest.xml:15:22-76
uses-permission#android.permission.WRITE_EXTERNAL_STORAGE
ADDED from examples/ChatDemoUI/AndroidManifest.xml:16:5-81
	android:name
		ADDED from examples/ChatDemoUI/AndroidManifest.xml:16:22-78
uses-permission#android.permission.MOUNT_UNMOUNT_FILESYSTEMS
ADDED from examples/ChatDemoUI/AndroidManifest.xml:17:5-84
	android:name
		ADDED from examples/ChatDemoUI/AndroidManifest.xml:17:22-81
uses-permission#android.permission.ACCESS_FINE_LOCATION
ADDED from examples/ChatDemoUI/AndroidManifest.xml:18:5-79
	android:name
		ADDED from examples/ChatDemoUI/AndroidManifest.xml:18:22-76
uses-permission#android.permission.GET_TASKS
ADDED from examples/ChatDemoUI/AndroidManifest.xml:19:5-68
	android:name
		ADDED from examples/ChatDemoUI/AndroidManifest.xml:19:22-65
uses-permission#android.permission.ACCESS_WIFI_STATE
ADDED from examples/ChatDemoUI/AndroidManifest.xml:20:5-76
	android:name
		ADDED from examples/ChatDemoUI/AndroidManifest.xml:20:22-73
uses-permission#android.permission.CHANGE_WIFI_STATE
ADDED from examples/ChatDemoUI/AndroidManifest.xml:21:5-76
	android:name
		ADDED from examples/ChatDemoUI/AndroidManifest.xml:21:22-73
uses-permission#android.permission.WAKE_LOCK
ADDED from examples/ChatDemoUI/AndroidManifest.xml:22:5-68
	android:name
		ADDED from examples/ChatDemoUI/AndroidManifest.xml:22:22-65
uses-permission#android.permission.MODIFY_AUDIO_SETTINGS
ADDED from examples/ChatDemoUI/AndroidManifest.xml:23:5-80
	android:name
		ADDED from examples/ChatDemoUI/AndroidManifest.xml:23:22-77
uses-permission#android.permission.READ_PHONE_STATE
ADDED from examples/ChatDemoUI/AndroidManifest.xml:24:5-75
	android:name
		ADDED from examples/ChatDemoUI/AndroidManifest.xml:24:22-72
uses-permission#android.permission.RECEIVE_BOOT_COMPLETED
ADDED from examples/ChatDemoUI/AndroidManifest.xml:25:5-81
	android:name
		ADDED from examples/ChatDemoUI/AndroidManifest.xml:25:22-78
uses-permission#android.permission.GET_ACCOUNTS
ADDED from examples/ChatDemoUI/AndroidManifest.xml:26:5-71
	android:name
		ADDED from examples/ChatDemoUI/AndroidManifest.xml:26:22-68
uses-permission#android.permission.USE_CREDENTIALS
ADDED from examples/ChatDemoUI/AndroidManifest.xml:27:5-74
	android:name
		ADDED from examples/ChatDemoUI/AndroidManifest.xml:27:22-71
uses-permission#android.permission.MANAGE_ACCOUNTS
ADDED from examples/ChatDemoUI/AndroidManifest.xml:28:5-74
	android:name
		ADDED from examples/ChatDemoUI/AndroidManifest.xml:28:22-71
uses-permission#android.permission.AUTHENTICATE_ACCOUNTS
ADDED from examples/ChatDemoUI/AndroidManifest.xml:29:5-80
	android:name
		ADDED from examples/ChatDemoUI/AndroidManifest.xml:29:22-77
uses-permission#com.android.launcher.permission.READ_SETTINGS
ADDED from examples/ChatDemoUI/AndroidManifest.xml:30:5-85
	android:name
		ADDED from examples/ChatDemoUI/AndroidManifest.xml:30:22-82
uses-permission#android.permission.BROADCAST_STICKY
ADDED from examples/ChatDemoUI/AndroidManifest.xml:31:5-75
	android:name
		ADDED from examples/ChatDemoUI/AndroidManifest.xml:31:22-72
uses-permission#android.permission.WRITE_SETTINGS
ADDED from examples/ChatDemoUI/AndroidManifest.xml:32:5-73
	android:name
		ADDED from examples/ChatDemoUI/AndroidManifest.xml:32:22-70
uses-permission#com.google.android.c2dm.permission.RECEIVE
ADDED from examples/ChatDemoUI/AndroidManifest.xml:34:5-82
	android:name
		ADDED from examples/ChatDemoUI/AndroidManifest.xml:34:22-79
permission#com.easemob.chatuidemo.permission.C2D_MESSAGE
ADDED from examples/ChatDemoUI/AndroidManifest.xml:36:5-38:47
	android:protectionLevel
		ADDED from examples/ChatDemoUI/AndroidManifest.xml:38:9-44
	android:name
		ADDED from examples/ChatDemoUI/AndroidManifest.xml:37:9-69
uses-permission#com.easemob.chatuidemo.permission.C2D_MESSAGE
ADDED from examples/ChatDemoUI/AndroidManifest.xml:39:5-85
	android:name
		ADDED from examples/ChatDemoUI/AndroidManifest.xml:39:22-82
application
ADDED from examples/ChatDemoUI/AndroidManifest.xml:42:5-336:19
	android:label
		ADDED from examples/ChatDemoUI/AndroidManifest.xml:46:9-41
	android:allowBackup
		ADDED from examples/ChatDemoUI/AndroidManifest.xml:44:9-35
	android:icon
		ADDED from examples/ChatDemoUI/AndroidManifest.xml:45:9-45
	android:name
		ADDED from examples/ChatDemoUI/AndroidManifest.xml:43:9-39
activity#moodle.activity.LoginActivity
ADDED from examples/ChatDemoUI/AndroidManifest.xml:48:9-52:80
	android:screenOrientation
		ADDED from examples/ChatDemoUI/AndroidManifest.xml:50:13-49
	android:windowSoftInputMode
		ADDED from examples/ChatDemoUI/AndroidManifest.xml:52:13-68
	android:theme
		ADDED from examples/ChatDemoUI/AndroidManifest.xml:51:13-52
	android:name
		ADDED from examples/ChatDemoUI/AndroidManifest.xml:49:13-57
activity#com.easemob.chatuidemo.activity.MainActivity
ADDED from examples/ChatDemoUI/AndroidManifest.xml:56:9-61:64
	android:screenOrientation
		ADDED from examples/ChatDemoUI/AndroidManifest.xml:59:13-49
	android:launchMode
		ADDED from examples/ChatDemoUI/AndroidManifest.xml:58:13-44
	android:windowSoftInputMode
		ADDED from examples/ChatDemoUI/AndroidManifest.xml:61:13-52
	android:theme
		ADDED from examples/ChatDemoUI/AndroidManifest.xml:60:13-52
	android:name
		ADDED from examples/ChatDemoUI/AndroidManifest.xml:57:13-50
activity#com.easemob.chatuidemo.activity.SplashActivity
ADDED from examples/ChatDemoUI/AndroidManifest.xml:64:9-73:20
	android:screenOrientation
		ADDED from examples/ChatDemoUI/AndroidManifest.xml:66:13-49
	android:theme
		ADDED from examples/ChatDemoUI/AndroidManifest.xml:67:13-52
	android:name
		ADDED from examples/ChatDemoUI/AndroidManifest.xml:65:13-52
intent-filter#android.intent.action.MAIN+android.intent.category.LAUNCHER
ADDED from examples/ChatDemoUI/AndroidManifest.xml:68:13-72:29
action#android.intent.action.MAIN
ADDED from examples/ChatDemoUI/AndroidManifest.xml:69:17-69
	android:name
		ADDED from examples/ChatDemoUI/AndroidManifest.xml:69:25-66
category#android.intent.category.LAUNCHER
ADDED from examples/ChatDemoUI/AndroidManifest.xml:71:17-77
	android:name
		ADDED from examples/ChatDemoUI/AndroidManifest.xml:71:27-74
activity#com.easemob.chatuidemo.activity.LoginActivity
ADDED from examples/ChatDemoUI/AndroidManifest.xml:76:9-80:80
	android:screenOrientation
		ADDED from examples/ChatDemoUI/AndroidManifest.xml:78:13-49
	android:windowSoftInputMode
		ADDED from examples/ChatDemoUI/AndroidManifest.xml:80:13-68
	android:theme
		ADDED from examples/ChatDemoUI/AndroidManifest.xml:79:13-52
	android:name
		ADDED from examples/ChatDemoUI/AndroidManifest.xml:77:13-51
activity#com.easemob.chatuidemo.activity.RegisterActivity
ADDED from examples/ChatDemoUI/AndroidManifest.xml:83:9-87:80
	android:screenOrientation
		ADDED from examples/ChatDemoUI/AndroidManifest.xml:85:13-49
	android:windowSoftInputMode
		ADDED from examples/ChatDemoUI/AndroidManifest.xml:87:13-68
	android:theme
		ADDED from examples/ChatDemoUI/AndroidManifest.xml:86:13-52
	android:name
		ADDED from examples/ChatDemoUI/AndroidManifest.xml:84:13-54
activity#com.easemob.chatuidemo.activity.ChatActivity
ADDED from examples/ChatDemoUI/AndroidManifest.xml:89:9-94:67
	android:screenOrientation
		ADDED from examples/ChatDemoUI/AndroidManifest.xml:92:13-49
	android:launchMode
		ADDED from examples/ChatDemoUI/AndroidManifest.xml:91:13-43
	android:windowSoftInputMode
		ADDED from examples/ChatDemoUI/AndroidManifest.xml:94:13-55
	android:theme
		ADDED from examples/ChatDemoUI/AndroidManifest.xml:93:13-52
	android:name
		ADDED from examples/ChatDemoUI/AndroidManifest.xml:90:13-50
activity#com.easemob.chatuidemo.activity.AddContactActivity
ADDED from examples/ChatDemoUI/AndroidManifest.xml:96:9-100:67
	android:screenOrientation
		ADDED from examples/ChatDemoUI/AndroidManifest.xml:98:13-49
	android:windowSoftInputMode
		ADDED from examples/ChatDemoUI/AndroidManifest.xml:100:13-55
	android:theme
		ADDED from examples/ChatDemoUI/AndroidManifest.xml:99:13-52
	android:name
		ADDED from examples/ChatDemoUI/AndroidManifest.xml:97:13-56
activity#com.easemob.chatuidemo.activity.GroupDetailsActivity
ADDED from examples/ChatDemoUI/AndroidManifest.xml:102:9-105:64
	android:screenOrientation
		ADDED from examples/ChatDemoUI/AndroidManifest.xml:104:13-49
	android:theme
		ADDED from examples/ChatDemoUI/AndroidManifest.xml:105:13-52
	android:name
		ADDED from examples/ChatDemoUI/AndroidManifest.xml:103:13-58
activity#com.easemob.chatuidemo.activity.GroupsActivity
ADDED from examples/ChatDemoUI/AndroidManifest.xml:107:9-111:64
	android:screenOrientation
		ADDED from examples/ChatDemoUI/AndroidManifest.xml:109:13-49
	android:windowSoftInputMode
		ADDED from examples/ChatDemoUI/AndroidManifest.xml:111:13-52
	android:theme
		ADDED from examples/ChatDemoUI/AndroidManifest.xml:110:13-52
	android:name
		ADDED from examples/ChatDemoUI/AndroidManifest.xml:108:13-52
activity#com.easemob.chatuidemo.activity.ChatRoomActivity
ADDED from examples/ChatDemoUI/AndroidManifest.xml:113:9-117:64
	android:screenOrientation
		ADDED from examples/ChatDemoUI/AndroidManifest.xml:115:13-49
	android:windowSoftInputMode
		ADDED from examples/ChatDemoUI/AndroidManifest.xml:117:13-52
	android:theme
		ADDED from examples/ChatDemoUI/AndroidManifest.xml:116:13-52
	android:name
		ADDED from examples/ChatDemoUI/AndroidManifest.xml:114:13-54
activity#com.easemob.chatuidemo.activity.ChatRoomDetailsActivity
ADDED from examples/ChatDemoUI/AndroidManifest.xml:119:9-122:64
	android:screenOrientation
		ADDED from examples/ChatDemoUI/AndroidManifest.xml:121:13-49
	android:theme
		ADDED from examples/ChatDemoUI/AndroidManifest.xml:122:13-52
	android:name
		ADDED from examples/ChatDemoUI/AndroidManifest.xml:120:13-61
activity#com.easemob.chatuidemo.activity.NewGroupActivity
ADDED from examples/ChatDemoUI/AndroidManifest.xml:125:9-129:64
	android:screenOrientation
		ADDED from examples/ChatDemoUI/AndroidManifest.xml:127:13-49
	android:windowSoftInputMode
		ADDED from examples/ChatDemoUI/AndroidManifest.xml:129:13-52
	android:theme
		ADDED from examples/ChatDemoUI/AndroidManifest.xml:128:13-52
	android:name
		ADDED from examples/ChatDemoUI/AndroidManifest.xml:126:13-54
activity#com.easemob.chatuidemo.activity.ExitGroupDialog
ADDED from examples/ChatDemoUI/AndroidManifest.xml:131:9-134:67
	android:screenOrientation
		ADDED from examples/ChatDemoUI/AndroidManifest.xml:133:13-49
	android:theme
		ADDED from examples/ChatDemoUI/AndroidManifest.xml:134:13-55
	android:name
		ADDED from examples/ChatDemoUI/AndroidManifest.xml:132:13-53
activity#com.easemob.chatuidemo.activity.GroupPickContactsActivity
ADDED from examples/ChatDemoUI/AndroidManifest.xml:136:9-140:64
	android:screenOrientation
		ADDED from examples/ChatDemoUI/AndroidManifest.xml:138:13-49
	android:windowSoftInputMode
		ADDED from examples/ChatDemoUI/AndroidManifest.xml:140:13-52
	android:theme
		ADDED from examples/ChatDemoUI/AndroidManifest.xml:139:13-52
	android:name
		ADDED from examples/ChatDemoUI/AndroidManifest.xml:137:13-63
activity#com.easemob.chatuidemo.activity.BaiduMapActivity
ADDED from examples/ChatDemoUI/AndroidManifest.xml:142:9-145:64
	android:screenOrientation
		ADDED from examples/ChatDemoUI/AndroidManifest.xml:144:13-49
	android:theme
		ADDED from examples/ChatDemoUI/AndroidManifest.xml:145:13-52
	android:name
		ADDED from examples/ChatDemoUI/AndroidManifest.xml:143:13-76
activity#com.easemob.chatuidemo.activity.NewFriendsMsgActivity
ADDED from examples/ChatDemoUI/AndroidManifest.xml:148:9-151:64
	android:screenOrientation
		ADDED from examples/ChatDemoUI/AndroidManifest.xml:150:13-49
	android:theme
		ADDED from examples/ChatDemoUI/AndroidManifest.xml:151:13-52
	android:name
		ADDED from examples/ChatDemoUI/AndroidManifest.xml:149:13-59
activity#com.easemob.chatuidemo.activity.ForwardMessageActivity
ADDED from examples/ChatDemoUI/AndroidManifest.xml:153:9-157:64
	android:screenOrientation
		ADDED from examples/ChatDemoUI/AndroidManifest.xml:155:13-49
	android:windowSoftInputMode
		ADDED from examples/ChatDemoUI/AndroidManifest.xml:157:13-52
	android:theme
		ADDED from examples/ChatDemoUI/AndroidManifest.xml:156:13-52
	android:name
		ADDED from examples/ChatDemoUI/AndroidManifest.xml:154:13-60
activity#com.easemob.chatuidemo.activity.ContextMenu
ADDED from examples/ChatDemoUI/AndroidManifest.xml:159:9-162:61
	android:screenOrientation
		ADDED from examples/ChatDemoUI/AndroidManifest.xml:161:13-49
	android:theme
		ADDED from examples/ChatDemoUI/AndroidManifest.xml:162:13-49
	android:name
		ADDED from examples/ChatDemoUI/AndroidManifest.xml:160:13-49
activity#com.easemob.chatuidemo.activity.AlertDialog
ADDED from examples/ChatDemoUI/AndroidManifest.xml:164:9-167:61
	android:screenOrientation
		ADDED from examples/ChatDemoUI/AndroidManifest.xml:166:13-49
	android:theme
		ADDED from examples/ChatDemoUI/AndroidManifest.xml:167:13-49
	android:name
		ADDED from examples/ChatDemoUI/AndroidManifest.xml:165:13-49
activity#com.easemob.chatuidemo.activity.ShowBigImage
ADDED from examples/ChatDemoUI/AndroidManifest.xml:169:9-172:64
	android:screenOrientation
		ADDED from examples/ChatDemoUI/AndroidManifest.xml:171:13-49
	android:theme
		ADDED from examples/ChatDemoUI/AndroidManifest.xml:172:13-52
	android:name
		ADDED from examples/ChatDemoUI/AndroidManifest.xml:170:13-50
activity#com.easemob.chatuidemo.activity.ShowNormalFileActivity
ADDED from examples/ChatDemoUI/AndroidManifest.xml:174:9-177:64
	android:screenOrientation
		ADDED from examples/ChatDemoUI/AndroidManifest.xml:176:13-49
	android:theme
		ADDED from examples/ChatDemoUI/AndroidManifest.xml:177:13-52
	android:name
		ADDED from examples/ChatDemoUI/AndroidManifest.xml:175:13-60
activity#com.easemob.chatuidemo.activity.BlacklistActivity
ADDED from examples/ChatDemoUI/AndroidManifest.xml:179:9-182:64
	android:screenOrientation
		ADDED from examples/ChatDemoUI/AndroidManifest.xml:181:13-49
	android:theme
		ADDED from examples/ChatDemoUI/AndroidManifest.xml:182:13-52
	android:name
		ADDED from examples/ChatDemoUI/AndroidManifest.xml:180:13-55
activity#com.easemob.chatuidemo.activity.PublicGroupsActivity
ADDED from examples/ChatDemoUI/AndroidManifest.xml:185:9-189:64
	android:screenOrientation
		ADDED from examples/ChatDemoUI/AndroidManifest.xml:187:13-49
	android:windowSoftInputMode
		ADDED from examples/ChatDemoUI/AndroidManifest.xml:189:13-52
	android:theme
		ADDED from examples/ChatDemoUI/AndroidManifest.xml:188:13-52
	android:name
		ADDED from examples/ChatDemoUI/AndroidManifest.xml:186:13-58
activity#com.easemob.chatuidemo.activity.PublicChatRoomsActivity
ADDED from examples/ChatDemoUI/AndroidManifest.xml:191:9-195:64
	android:screenOrientation
		ADDED from examples/ChatDemoUI/AndroidManifest.xml:193:13-49
	android:windowSoftInputMode
		ADDED from examples/ChatDemoUI/AndroidManifest.xml:195:13-52
	android:theme
		ADDED from examples/ChatDemoUI/AndroidManifest.xml:194:13-52
	android:name
		ADDED from examples/ChatDemoUI/AndroidManifest.xml:192:13-61
activity#com.easemob.chatuidemo.activity.VoiceCallActivity
ADDED from examples/ChatDemoUI/AndroidManifest.xml:198:9-202:60
	android:screenOrientation
		ADDED from examples/ChatDemoUI/AndroidManifest.xml:201:13-49
	android:launchMode
		ADDED from examples/ChatDemoUI/AndroidManifest.xml:200:13-44
	android:theme
		ADDED from examples/ChatDemoUI/AndroidManifest.xml:202:13-48
	android:name
		ADDED from examples/ChatDemoUI/AndroidManifest.xml:199:13-55
activity#com.easemob.chatuidemo.activity.VideoCallActivity
ADDED from examples/ChatDemoUI/AndroidManifest.xml:204:9-209:64
	android:screenOrientation
		ADDED from examples/ChatDemoUI/AndroidManifest.xml:208:13-49
	android:launchMode
		ADDED from examples/ChatDemoUI/AndroidManifest.xml:207:13-44
	android:configChanges
		ADDED from examples/ChatDemoUI/AndroidManifest.xml:206:13-74
	android:theme
		ADDED from examples/ChatDemoUI/AndroidManifest.xml:209:13-52
	android:name
		ADDED from examples/ChatDemoUI/AndroidManifest.xml:205:13-55
activity#com.easemob.chatuidemo.activity.GroupSimpleDetailActivity
ADDED from examples/ChatDemoUI/AndroidManifest.xml:211:9-214:64
	android:screenOrientation
		ADDED from examples/ChatDemoUI/AndroidManifest.xml:213:13-49
	android:theme
		ADDED from examples/ChatDemoUI/AndroidManifest.xml:214:13-52
	android:name
		ADDED from examples/ChatDemoUI/AndroidManifest.xml:212:13-63
activity#com.easemob.chatuidemo.activity.GroupBlacklistActivity
ADDED from examples/ChatDemoUI/AndroidManifest.xml:216:9-219:64
	android:screenOrientation
		ADDED from examples/ChatDemoUI/AndroidManifest.xml:218:13-49
	android:theme
		ADDED from examples/ChatDemoUI/AndroidManifest.xml:219:13-52
	android:name
		ADDED from examples/ChatDemoUI/AndroidManifest.xml:217:13-60
activity#com.easemob.chatuidemo.activity.PublicGroupsSeachActivity
ADDED from examples/ChatDemoUI/AndroidManifest.xml:220:9-223:64
	android:screenOrientation
		ADDED from examples/ChatDemoUI/AndroidManifest.xml:222:13-49
	android:theme
		ADDED from examples/ChatDemoUI/AndroidManifest.xml:223:13-52
	android:name
		ADDED from examples/ChatDemoUI/AndroidManifest.xml:221:13-63
activity#com.easemob.chatuidemo.activity.EditActivity
ADDED from examples/ChatDemoUI/AndroidManifest.xml:224:9-228:67
	android:screenOrientation
		ADDED from examples/ChatDemoUI/AndroidManifest.xml:226:13-49
	android:windowSoftInputMode
		ADDED from examples/ChatDemoUI/AndroidManifest.xml:228:13-55
	android:theme
		ADDED from examples/ChatDemoUI/AndroidManifest.xml:227:13-52
	android:name
		ADDED from examples/ChatDemoUI/AndroidManifest.xml:225:13-50
activity#com.easemob.chatuidemo.activity.ShowVideoActivity
ADDED from examples/ChatDemoUI/AndroidManifest.xml:229:9-233:72
	android:screenOrientation
		ADDED from examples/ChatDemoUI/AndroidManifest.xml:231:13-49
	android:windowSoftInputMode
		ADDED from examples/ChatDemoUI/AndroidManifest.xml:233:13-60
	android:theme
		ADDED from examples/ChatDemoUI/AndroidManifest.xml:232:13-52
	android:name
		ADDED from examples/ChatDemoUI/AndroidManifest.xml:230:13-55
activity#com.easemob.chatuidemo.activity.ImageGridActivity
ADDED from examples/ChatDemoUI/AndroidManifest.xml:235:9-239:72
	android:screenOrientation
		ADDED from examples/ChatDemoUI/AndroidManifest.xml:237:13-49
	android:windowSoftInputMode
		ADDED from examples/ChatDemoUI/AndroidManifest.xml:239:13-60
	android:theme
		ADDED from examples/ChatDemoUI/AndroidManifest.xml:238:13-52
	android:name
		ADDED from examples/ChatDemoUI/AndroidManifest.xml:236:13-55
activity#com.easemob.chatuidemo.activity.RecorderVideoActivity
ADDED from examples/ChatDemoUI/AndroidManifest.xml:240:9-244:72
	android:screenOrientation
		ADDED from examples/ChatDemoUI/AndroidManifest.xml:242:13-49
	android:windowSoftInputMode
		ADDED from examples/ChatDemoUI/AndroidManifest.xml:244:13-60
	android:theme
		ADDED from examples/ChatDemoUI/AndroidManifest.xml:243:13-52
	android:name
		ADDED from examples/ChatDemoUI/AndroidManifest.xml:241:13-59
activity#com.easemob.chatuidemo.activity.DiagnoseActivity
ADDED from examples/ChatDemoUI/AndroidManifest.xml:246:9-250:72
	android:screenOrientation
		ADDED from examples/ChatDemoUI/AndroidManifest.xml:248:13-49
	android:windowSoftInputMode
		ADDED from examples/ChatDemoUI/AndroidManifest.xml:250:13-60
	android:theme
		ADDED from examples/ChatDemoUI/AndroidManifest.xml:249:13-52
	android:name
		ADDED from examples/ChatDemoUI/AndroidManifest.xml:247:13-54
activity#com.easemob.chatuidemo.activity.OfflinePushNickActivity
ADDED from examples/ChatDemoUI/AndroidManifest.xml:253:9-257:72
	android:screenOrientation
		ADDED from examples/ChatDemoUI/AndroidManifest.xml:255:13-49
	android:windowSoftInputMode
		ADDED from examples/ChatDemoUI/AndroidManifest.xml:257:13-60
	android:theme
		ADDED from examples/ChatDemoUI/AndroidManifest.xml:256:13-52
	android:name
		ADDED from examples/ChatDemoUI/AndroidManifest.xml:254:13-61
activity#com.easemob.chatuidemo.activity.RobotsActivity
ADDED from examples/ChatDemoUI/AndroidManifest.xml:259:9-263:72
	android:screenOrientation
		ADDED from examples/ChatDemoUI/AndroidManifest.xml:261:13-49
	android:windowSoftInputMode
		ADDED from examples/ChatDemoUI/AndroidManifest.xml:263:13-60
	android:theme
		ADDED from examples/ChatDemoUI/AndroidManifest.xml:262:13-52
	android:name
		ADDED from examples/ChatDemoUI/AndroidManifest.xml:260:13-52
activity#com.easemob.chatuidemo.activity.UserProfileActivity
ADDED from examples/ChatDemoUI/AndroidManifest.xml:265:9-268:64
	android:screenOrientation
		ADDED from examples/ChatDemoUI/AndroidManifest.xml:267:13-49
	android:theme
		ADDED from examples/ChatDemoUI/AndroidManifest.xml:268:13-52
	android:name
		ADDED from examples/ChatDemoUI/AndroidManifest.xml:266:13-57
receiver#com.easemob.chat.StartServiceReceiver
ADDED from examples/ChatDemoUI/AndroidManifest.xml:271:9-278:20
	android:name
		ADDED from examples/ChatDemoUI/AndroidManifest.xml:271:19-71
intent-filter#android.intent.action.BOOT_COMPLETED+android.intent.action.QUICKBOOT_POWERON+android.intent.category.LAUNCHER
ADDED from examples/ChatDemoUI/AndroidManifest.xml:272:13-277:29
	android:priority
		ADDED from examples/ChatDemoUI/AndroidManifest.xml:272:28-51
action#android.intent.action.BOOT_COMPLETED
ADDED from examples/ChatDemoUI/AndroidManifest.xml:273:17-79
	android:name
		ADDED from examples/ChatDemoUI/AndroidManifest.xml:273:25-76
action#android.intent.action.QUICKBOOT_POWERON
ADDED from examples/ChatDemoUI/AndroidManifest.xml:274:17-82
	android:name
		ADDED from examples/ChatDemoUI/AndroidManifest.xml:274:25-79
receiver#com.easemob.chat.EMGCMBroadcastReceiver
ADDED from examples/ChatDemoUI/AndroidManifest.xml:281:9-289:20
	android:exported
		ADDED from examples/ChatDemoUI/AndroidManifest.xml:283:13-36
	android:permission
		ADDED from examples/ChatDemoUI/AndroidManifest.xml:284:13-73
	android:name
		ADDED from examples/ChatDemoUI/AndroidManifest.xml:282:13-67
intent-filter#com.easemob.chatuidemo+com.google.android.c2dm.intent.RECEIVE
ADDED from examples/ChatDemoUI/AndroidManifest.xml:285:13-288:29
action#com.google.android.c2dm.intent.RECEIVE
ADDED from examples/ChatDemoUI/AndroidManifest.xml:286:17-81
	android:name
		ADDED from examples/ChatDemoUI/AndroidManifest.xml:286:25-78
category#com.easemob.chatuidemo
ADDED from examples/ChatDemoUI/AndroidManifest.xml:287:17-67
	android:name
		ADDED from examples/ChatDemoUI/AndroidManifest.xml:287:27-64
service#com.easemob.chat.EMGCMListenerService
ADDED from examples/ChatDemoUI/AndroidManifest.xml:291:9-293:48
	android:exported
		ADDED from examples/ChatDemoUI/AndroidManifest.xml:293:13-37
	android:name
		ADDED from examples/ChatDemoUI/AndroidManifest.xml:292:13-65
receiver#com.easemob.chatuidemo.receiver.GCMPushBroadCast
ADDED from examples/ChatDemoUI/AndroidManifest.xml:295:9-302:20
	android:exported
		ADDED from examples/ChatDemoUI/AndroidManifest.xml:297:13-37
	android:name
		ADDED from examples/ChatDemoUI/AndroidManifest.xml:296:13-76
intent-filter#com.easemob.chatuidemo+com.easemob.sdk.push
ADDED from examples/ChatDemoUI/AndroidManifest.xml:298:13-301:29
action#com.easemob.sdk.push
ADDED from examples/ChatDemoUI/AndroidManifest.xml:299:17-63
	android:name
		ADDED from examples/ChatDemoUI/AndroidManifest.xml:299:25-60
meta-data#EASEMOB_APPKEY
ADDED from examples/ChatDemoUI/AndroidManifest.xml:306:9-308:48
	android:value
		ADDED from examples/ChatDemoUI/AndroidManifest.xml:308:13-45
	android:name
		ADDED from examples/ChatDemoUI/AndroidManifest.xml:307:13-42
service#com.easemob.chat.EMChatService
ADDED from examples/ChatDemoUI/AndroidManifest.xml:310:9-66
	android:name
		ADDED from examples/ChatDemoUI/AndroidManifest.xml:310:18-63
receiver#com.easemob.chat.EMMonitorReceiver
ADDED from examples/ChatDemoUI/AndroidManifest.xml:312:9-321:20
	android:name
		ADDED from examples/ChatDemoUI/AndroidManifest.xml:312:19-68
intent-filter#android.intent.action.PACKAGE_REMOVED
ADDED from examples/ChatDemoUI/AndroidManifest.xml:313:13-316:29
action#android.intent.action.PACKAGE_REMOVED
ADDED from examples/ChatDemoUI/AndroidManifest.xml:314:17-80
	android:name
		ADDED from examples/ChatDemoUI/AndroidManifest.xml:314:25-77
data
ADDED from examples/ChatDemoUI/AndroidManifest.xml:315:17-50
	android:scheme
		ADDED from examples/ChatDemoUI/AndroidManifest.xml:315:23-47
intent-filter#android.intent.action.BOOT_COMPLETED+android.intent.action.USER_PRESENT
ADDED from examples/ChatDemoUI/AndroidManifest.xml:317:13-320:29
action#android.intent.action.USER_PRESENT
ADDED from examples/ChatDemoUI/AndroidManifest.xml:319:17-77
	android:name
		ADDED from examples/ChatDemoUI/AndroidManifest.xml:319:25-74
service#com.baidu.location.f
ADDED from examples/ChatDemoUI/AndroidManifest.xml:324:9-327:41
	android:enabled
		ADDED from examples/ChatDemoUI/AndroidManifest.xml:326:13-35
	android:process
		ADDED from examples/ChatDemoUI/AndroidManifest.xml:327:13-38
	android:name
		ADDED from examples/ChatDemoUI/AndroidManifest.xml:325:13-48
meta-data#UMENG_APPKEY
ADDED from examples/ChatDemoUI/AndroidManifest.xml:329:9-331:66
	android:value
		ADDED from examples/ChatDemoUI/AndroidManifest.xml:331:13-53
	android:name
		ADDED from examples/ChatDemoUI/AndroidManifest.xml:330:13-40
meta-data#com.baidu.lbsapi.API_KEY
ADDED from examples/ChatDemoUI/AndroidManifest.xml:332:9-334:64
	android:value
		ADDED from examples/ChatDemoUI/AndroidManifest.xml:334:13-61
	android:name
		ADDED from examples/ChatDemoUI/AndroidManifest.xml:333:13-52